D:\PART-TIME\CESAR\CESAR\DEBUG\CESAR.PCH
D:\PART-TIME\CESAR\CESAR\DEBUG\STDAFX.OBJ
D:\PART-TIME\CESAR\CESAR\DEBUG\VC110.PDB
D:\PART-TIME\CESAR\CESAR\DEBUG\CESAR.OBJ
D:\PART-TIME\CESAR\DEBUG\CESAR.ILK
D:\PART-TIME\CESAR\DEBUG\CESAR.EXE
D:\PART-TIME\CESAR\DEBUG\CESAR.PDB
D:\part-time\Cesar\Cesar\Debug\Cesar.obj
D:\part-time\Cesar\Cesar\Debug\stdafx.obj
D:\part-time\Cesar\Cesar\Debug\cl.command.1.tlog
D:\part-time\Cesar\Cesar\Debug\CL.read.1.tlog
D:\part-time\Cesar\Cesar\Debug\CL.write.1.tlog
D:\part-time\Cesar\Cesar\Debug\link-cvtres.read.1.tlog
D:\part-time\Cesar\Cesar\Debug\link-cvtres.write.1.tlog
D:\part-time\Cesar\Cesar\Debug\link-rc.read.1.tlog
D:\part-time\Cesar\Cesar\Debug\link-rc.write.1.tlog
D:\part-time\Cesar\Cesar\Debug\link.command.1.tlog
D:\part-time\Cesar\Cesar\Debug\link.read.1.tlog
D:\part-time\Cesar\Cesar\Debug\link.write.1.tlog
D:\part-time\Cesar\Cesar\Debug\Cesar.pch
D:\part-time\Cesar\Cesar\Debug\vc110.idb
D:\part-time\Cesar\Cesar\Debug\vc110.pdb
D:\part-time\Cesar\Debug\Cesar.pdb
D:\part-time\Cesar\Debug\Cesar.exe
D:\part-time\Cesar\Debug\Cesar.ilk
